<?xml version="1.0" encoding="UTF-8"?>
<testsuite xmlns:xsi="http://www.w3.org/2001/XMLSchema-instance" xsi:noNamespaceSchemaLocation="https://maven.apache.org/surefire/maven-surefire-plugin/xsd/surefire-test-report.xsd" name="com.itheima.ReggieTakeOutApplicationTests" time="3.577" tests="1" errors="0" skipped="0" failures="0">
  <properties>
    <property name="java.specification.version" value="17"/>
    <property name="sun.cpu.isalist" value="amd64"/>
    <property name="sun.jnu.encoding" value="GBK"/>
    <property name="java.class.path" value="D:\development\code\reggie_take_out\target\test-classes;D:\development\code\reggie_take_out\target\classes;D:\development\apache-maven-3.8.5\mvn_resp\org\springframework\boot\spring-boot-starter-web\2.7.0\spring-boot-starter-web-2.7.0.jar;D:\development\apache-maven-3.8.5\mvn_resp\org\springframework\boot\spring-boot-starter\2.7.0\spring-boot-starter-2.7.0.jar;D:\development\apache-maven-3.8.5\mvn_resp\org\springframework\boot\spring-boot\2.7.0\spring-boot-2.7.0.jar;D:\development\apache-maven-3.8.5\mvn_resp\org\springframework\boot\spring-boot-starter-logging\2.7.0\spring-boot-starter-logging-2.7.0.jar;D:\development\apache-maven-3.8.5\mvn_resp\ch\qos\logback\logback-classic\1.2.11\logback-classic-1.2.11.jar;D:\development\apache-maven-3.8.5\mvn_resp\ch\qos\logback\logback-core\1.2.11\logback-core-1.2.11.jar;D:\development\apache-maven-3.8.5\mvn_resp\org\apache\logging\log4j\log4j-to-slf4j\2.17.2\log4j-to-slf4j-2.17.2.jar;D:\development\apache-maven-3.8.5\mvn_resp\org\apache\logging\log4j\log4j-api\2.17.2\log4j-api-2.17.2.jar;D:\development\apache-maven-3.8.5\mvn_resp\org\slf4j\jul-to-slf4j\1.7.36\jul-to-slf4j-1.7.36.jar;D:\development\apache-maven-3.8.5\mvn_resp\jakarta\annotation\jakarta.annotation-api\1.3.5\jakarta.annotation-api-1.3.5.jar;D:\development\apache-maven-3.8.5\mvn_resp\org\yaml\snakeyaml\1.30\snakeyaml-1.30.jar;D:\development\apache-maven-3.8.5\mvn_resp\org\springframework\boot\spring-boot-starter-json\2.7.0\spring-boot-starter-json-2.7.0.jar;D:\development\apache-maven-3.8.5\mvn_resp\com\fasterxml\jackson\core\jackson-databind\2.13.3\jackson-databind-2.13.3.jar;D:\development\apache-maven-3.8.5\mvn_resp\com\fasterxml\jackson\core\jackson-annotations\2.13.3\jackson-annotations-2.13.3.jar;D:\development\apache-maven-3.8.5\mvn_resp\com\fasterxml\jackson\core\jackson-core\2.13.3\jackson-core-2.13.3.jar;D:\development\apache-maven-3.8.5\mvn_resp\com\fasterxml\jackson\datatype\jackson-datatype-jdk8\2.13.3\jackson-datatype-jdk8-2.13.3.jar;D:\development\apache-maven-3.8.5\mvn_resp\com\fasterxml\jackson\datatype\jackson-datatype-jsr310\2.13.3\jackson-datatype-jsr310-2.13.3.jar;D:\development\apache-maven-3.8.5\mvn_resp\com\fasterxml\jackson\module\jackson-module-parameter-names\2.13.3\jackson-module-parameter-names-2.13.3.jar;D:\development\apache-maven-3.8.5\mvn_resp\org\springframework\boot\spring-boot-starter-tomcat\2.7.0\spring-boot-starter-tomcat-2.7.0.jar;D:\development\apache-maven-3.8.5\mvn_resp\org\apache\tomcat\embed\tomcat-embed-core\9.0.63\tomcat-embed-core-9.0.63.jar;D:\development\apache-maven-3.8.5\mvn_resp\org\apache\tomcat\embed\tomcat-embed-el\9.0.63\tomcat-embed-el-9.0.63.jar;D:\development\apache-maven-3.8.5\mvn_resp\org\apache\tomcat\embed\tomcat-embed-websocket\9.0.63\tomcat-embed-websocket-9.0.63.jar;D:\development\apache-maven-3.8.5\mvn_resp\org\springframework\spring-web\5.3.20\spring-web-5.3.20.jar;D:\development\apache-maven-3.8.5\mvn_resp\org\springframework\spring-beans\5.3.20\spring-beans-5.3.20.jar;D:\development\apache-maven-3.8.5\mvn_resp\org\springframework\spring-webmvc\5.3.20\spring-webmvc-5.3.20.jar;D:\development\apache-maven-3.8.5\mvn_resp\org\springframework\spring-aop\5.3.20\spring-aop-5.3.20.jar;D:\development\apache-maven-3.8.5\mvn_resp\org\springframework\spring-context\5.3.20\spring-context-5.3.20.jar;D:\development\apache-maven-3.8.5\mvn_resp\org\springframework\spring-expression\5.3.20\spring-expression-5.3.20.jar;D:\development\apache-maven-3.8.5\mvn_resp\mysql\mysql-connector-java\8.0.29\mysql-connector-java-8.0.29.jar;D:\development\apache-maven-3.8.5\mvn_resp\org\projectlombok\lombok\1.18.24\lombok-1.18.24.jar;D:\development\apache-maven-3.8.5\mvn_resp\org\springframework\boot\spring-boot-starter-test\2.7.0\spring-boot-starter-test-2.7.0.jar;D:\development\apache-maven-3.8.5\mvn_resp\org\springframework\boot\spring-boot-test\2.7.0\spring-boot-test-2.7.0.jar;D:\development\apache-maven-3.8.5\mvn_resp\org\springframework\boot\spring-boot-test-autoconfigure\2.7.0\spring-boot-test-autoconfigure-2.7.0.jar;D:\development\apache-maven-3.8.5\mvn_resp\com\jayway\jsonpath\json-path\2.7.0\json-path-2.7.0.jar;D:\development\apache-maven-3.8.5\mvn_resp\net\minidev\json-smart\2.4.8\json-smart-2.4.8.jar;D:\development\apache-maven-3.8.5\mvn_resp\net\minidev\accessors-smart\2.4.8\accessors-smart-2.4.8.jar;D:\development\apache-maven-3.8.5\mvn_resp\org\ow2\asm\asm\9.1\asm-9.1.jar;D:\development\apache-maven-3.8.5\mvn_resp\jakarta\xml\bind\jakarta.xml.bind-api\2.3.3\jakarta.xml.bind-api-2.3.3.jar;D:\development\apache-maven-3.8.5\mvn_resp\jakarta\activation\jakarta.activation-api\1.2.2\jakarta.activation-api-1.2.2.jar;D:\development\apache-maven-3.8.5\mvn_resp\org\assertj\assertj-core\3.22.0\assertj-core-3.22.0.jar;D:\development\apache-maven-3.8.5\mvn_resp\org\hamcrest\hamcrest\2.2\hamcrest-2.2.jar;D:\development\apache-maven-3.8.5\mvn_resp\org\junit\jupiter\junit-jupiter\5.8.2\junit-jupiter-5.8.2.jar;D:\development\apache-maven-3.8.5\mvn_resp\org\junit\jupiter\junit-jupiter-api\5.8.2\junit-jupiter-api-5.8.2.jar;D:\development\apache-maven-3.8.5\mvn_resp\org\opentest4j\opentest4j\1.2.0\opentest4j-1.2.0.jar;D:\development\apache-maven-3.8.5\mvn_resp\org\junit\platform\junit-platform-commons\1.8.2\junit-platform-commons-1.8.2.jar;D:\development\apache-maven-3.8.5\mvn_resp\org\apiguardian\apiguardian-api\1.1.2\apiguardian-api-1.1.2.jar;D:\development\apache-maven-3.8.5\mvn_resp\org\junit\jupiter\junit-jupiter-params\5.8.2\junit-jupiter-params-5.8.2.jar;D:\development\apache-maven-3.8.5\mvn_resp\org\junit\jupiter\junit-jupiter-engine\5.8.2\junit-jupiter-engine-5.8.2.jar;D:\development\apache-maven-3.8.5\mvn_resp\org\junit\platform\junit-platform-engine\1.8.2\junit-platform-engine-1.8.2.jar;D:\development\apache-maven-3.8.5\mvn_resp\org\mockito\mockito-core\4.5.1\mockito-core-4.5.1.jar;D:\development\apache-maven-3.8.5\mvn_resp\net\bytebuddy\byte-buddy\1.12.10\byte-buddy-1.12.10.jar;D:\development\apache-maven-3.8.5\mvn_resp\net\bytebuddy\byte-buddy-agent\1.12.10\byte-buddy-agent-1.12.10.jar;D:\development\apache-maven-3.8.5\mvn_resp\org\objenesis\objenesis\3.2\objenesis-3.2.jar;D:\development\apache-maven-3.8.5\mvn_resp\org\mockito\mockito-junit-jupiter\4.5.1\mockito-junit-jupiter-4.5.1.jar;D:\development\apache-maven-3.8.5\mvn_resp\org\skyscreamer\jsonassert\1.5.0\jsonassert-1.5.0.jar;D:\development\apache-maven-3.8.5\mvn_resp\com\vaadin\external\google\android-json\0.0.20131108.vaadin1\android-json-0.0.20131108.vaadin1.jar;D:\development\apache-maven-3.8.5\mvn_resp\org\springframework\spring-core\5.3.20\spring-core-5.3.20.jar;D:\development\apache-maven-3.8.5\mvn_resp\org\springframework\spring-jcl\5.3.20\spring-jcl-5.3.20.jar;D:\development\apache-maven-3.8.5\mvn_resp\org\springframework\spring-test\5.3.20\spring-test-5.3.20.jar;D:\development\apache-maven-3.8.5\mvn_resp\org\xmlunit\xmlunit-core\2.9.0\xmlunit-core-2.9.0.jar;D:\development\apache-maven-3.8.5\mvn_resp\com\baomidou\mybatis-plus-boot-starter\3.4.2\mybatis-plus-boot-starter-3.4.2.jar;D:\development\apache-maven-3.8.5\mvn_resp\com\baomidou\mybatis-plus\3.4.2\mybatis-plus-3.4.2.jar;D:\development\apache-maven-3.8.5\mvn_resp\com\baomidou\mybatis-plus-extension\3.4.2\mybatis-plus-extension-3.4.2.jar;D:\development\apache-maven-3.8.5\mvn_resp\com\baomidou\mybatis-plus-core\3.4.2\mybatis-plus-core-3.4.2.jar;D:\development\apache-maven-3.8.5\mvn_resp\com\baomidou\mybatis-plus-annotation\3.4.2\mybatis-plus-annotation-3.4.2.jar;D:\development\apache-maven-3.8.5\mvn_resp\com\github\jsqlparser\jsqlparser\4.0\jsqlparser-4.0.jar;D:\development\apache-maven-3.8.5\mvn_resp\org\mybatis\mybatis\3.5.6\mybatis-3.5.6.jar;D:\development\apache-maven-3.8.5\mvn_resp\org\mybatis\mybatis-spring\2.0.5\mybatis-spring-2.0.5.jar;D:\development\apache-maven-3.8.5\mvn_resp\org\springframework\boot\spring-boot-autoconfigure\2.7.0\spring-boot-autoconfigure-2.7.0.jar;D:\development\apache-maven-3.8.5\mvn_resp\org\springframework\boot\spring-boot-starter-jdbc\2.7.0\spring-boot-starter-jdbc-2.7.0.jar;D:\development\apache-maven-3.8.5\mvn_resp\com\zaxxer\HikariCP\4.0.3\HikariCP-4.0.3.jar;D:\development\apache-maven-3.8.5\mvn_resp\org\springframework\spring-jdbc\5.3.20\spring-jdbc-5.3.20.jar;D:\development\apache-maven-3.8.5\mvn_resp\org\springframework\spring-tx\5.3.20\spring-tx-5.3.20.jar;D:\development\apache-maven-3.8.5\mvn_resp\com\alibaba\fastjson\1.2.76\fastjson-1.2.76.jar;D:\development\apache-maven-3.8.5\mvn_resp\commons-lang\commons-lang\2.6\commons-lang-2.6.jar;D:\development\apache-maven-3.8.5\mvn_resp\com\alibaba\druid-spring-boot-starter\1.2.6\druid-spring-boot-starter-1.2.6.jar;D:\development\apache-maven-3.8.5\mvn_resp\com\alibaba\druid\1.2.6\druid-1.2.6.jar;D:\development\apache-maven-3.8.5\mvn_resp\org\slf4j\slf4j-api\1.7.36\slf4j-api-1.7.36.jar;D:\development\apache-maven-3.8.5\mvn_resp\org\springframework\boot\spring-boot-maven-plugin\2.5.0\spring-boot-maven-plugin-2.5.0.jar;D:\development\apache-maven-3.8.5\mvn_resp\org\springframework\boot\spring-boot-buildpack-platform\2.7.0\spring-boot-buildpack-platform-2.7.0.jar;D:\development\apache-maven-3.8.5\mvn_resp\net\java\dev\jna\jna-platform\5.7.0\jna-platform-5.7.0.jar;D:\development\apache-maven-3.8.5\mvn_resp\net\java\dev\jna\jna\5.7.0\jna-5.7.0.jar;D:\development\apache-maven-3.8.5\mvn_resp\org\apache\commons\commons-compress\1.21\commons-compress-1.21.jar;D:\development\apache-maven-3.8.5\mvn_resp\org\tomlj\tomlj\1.0.0\tomlj-1.0.0.jar;D:\development\apache-maven-3.8.5\mvn_resp\org\antlr\antlr4-runtime\4.7.2\antlr4-runtime-4.7.2.jar;D:\development\apache-maven-3.8.5\mvn_resp\com\google\code\findbugs\jsr305\3.0.2\jsr305-3.0.2.jar;D:\development\apache-maven-3.8.5\mvn_resp\org\springframework\boot\spring-boot-loader-tools\2.7.0\spring-boot-loader-tools-2.7.0.jar;D:\development\apache-maven-3.8.5\mvn_resp\org\apache\maven\shared\maven-common-artifact-filters\3.2.0\maven-common-artifact-filters-3.2.0.jar;D:\development\apache-maven-3.8.5\mvn_resp\org\apache\maven\maven-artifact\3.1.1\maven-artifact-3.1.1.jar;D:\development\apache-maven-3.8.5\mvn_resp\org\apache\maven\maven-model\3.1.1\maven-model-3.1.1.jar;D:\development\apache-maven-3.8.5\mvn_resp\org\apache\maven\maven-core\3.1.1\maven-core-3.1.1.jar;D:\development\apache-maven-3.8.5\mvn_resp\org\apache\maven\maven-settings\3.1.1\maven-settings-3.1.1.jar;D:\development\apache-maven-3.8.5\mvn_resp\org\apache\maven\maven-settings-builder\3.1.1\maven-settings-builder-3.1.1.jar;D:\development\apache-maven-3.8.5\mvn_resp\org\apache\maven\maven-repository-metadata\3.1.1\maven-repository-metadata-3.1.1.jar;D:\development\apache-maven-3.8.5\mvn_resp\org\apache\maven\maven-model-builder\3.1.1\maven-model-builder-3.1.1.jar;D:\development\apache-maven-3.8.5\mvn_resp\org\apache\maven\maven-aether-provider\3.1.1\maven-aether-provider-3.1.1.jar;D:\development\apache-maven-3.8.5\mvn_resp\org\eclipse\aether\aether-spi\0.9.0.M2\aether-spi-0.9.0.M2.jar;D:\development\apache-maven-3.8.5\mvn_resp\org\eclipse\aether\aether-impl\0.9.0.M2\aether-impl-0.9.0.M2.jar;D:\development\apache-maven-3.8.5\mvn_resp\org\codehaus\plexus\plexus-interpolation\1.19\plexus-interpolation-1.19.jar;D:\development\apache-maven-3.8.5\mvn_resp\org\codehaus\plexus\plexus-component-annotations\1.5.5\plexus-component-annotations-1.5.5.jar;D:\development\apache-maven-3.8.5\mvn_resp\org\sonatype\plexus\plexus-sec-dispatcher\1.3\plexus-sec-dispatcher-1.3.jar;D:\development\apache-maven-3.8.5\mvn_resp\org\sonatype\plexus\plexus-cipher\1.4\plexus-cipher-1.4.jar;D:\development\apache-maven-3.8.5\mvn_resp\commons-io\commons-io\2.6\commons-io-2.6.jar;D:\development\apache-maven-3.8.5\mvn_resp\org\eclipse\aether\aether-api\0.9.0.M2\aether-api-0.9.0.M2.jar;D:\development\apache-maven-3.8.5\mvn_resp\org\eclipse\aether\aether-util\0.9.0.M2\aether-util-0.9.0.M2.jar;D:\development\apache-maven-3.8.5\mvn_resp\org\eclipse\sisu\org.eclipse.sisu.plexus\0.0.0.M5\org.eclipse.sisu.plexus-0.0.0.M5.jar;D:\development\apache-maven-3.8.5\mvn_resp\javax\enterprise\cdi-api\1.0\cdi-api-1.0.jar;D:\development\apache-maven-3.8.5\mvn_resp\javax\annotation\jsr250-api\1.0\jsr250-api-1.0.jar;D:\development\apache-maven-3.8.5\mvn_resp\javax\inject\javax.inject\1\javax.inject-1.jar;D:\development\apache-maven-3.8.5\mvn_resp\com\google\guava\guava\10.0.1\guava-10.0.1.jar;D:\development\apache-maven-3.8.5\mvn_resp\org\sonatype\sisu\sisu-guice\3.1.0\sisu-guice-3.1.0-no_aop.jar;D:\development\apache-maven-3.8.5\mvn_resp\aopalliance\aopalliance\1.0\aopalliance-1.0.jar;D:\development\apache-maven-3.8.5\mvn_resp\org\eclipse\sisu\org.eclipse.sisu.inject\0.0.0.M5\org.eclipse.sisu.inject-0.0.0.M5.jar;D:\development\apache-maven-3.8.5\mvn_resp\org\apache\maven\shared\maven-shared-utils\3.3.3\maven-shared-utils-3.3.3.jar;D:\development\apache-maven-3.8.5\mvn_resp\org\apache\maven\maven-plugin-api\3.6.3\maven-plugin-api-3.6.3.jar;D:\development\apache-maven-3.8.5\mvn_resp\org\codehaus\plexus\plexus-utils\3.2.1\plexus-utils-3.2.1.jar;D:\development\apache-maven-3.8.5\mvn_resp\org\codehaus\plexus\plexus-classworlds\2.6.0\plexus-classworlds-2.6.0.jar;D:\development\apache-maven-3.8.5\mvn_resp\org\sonatype\plexus\plexus-build-api\0.0.7\plexus-build-api-0.0.7.jar;D:\development\apache-maven-3.8.5\mvn_resp\com\aliyun\aliyun-java-sdk-core\4.5.16\aliyun-java-sdk-core-4.5.16.jar;D:\development\apache-maven-3.8.5\mvn_resp\com\google\code\gson\gson\2.9.0\gson-2.9.0.jar;D:\development\apache-maven-3.8.5\mvn_resp\org\apache\httpcomponents\httpclient\4.5.13\httpclient-4.5.13.jar;D:\development\apache-maven-3.8.5\mvn_resp\commons-codec\commons-codec\1.15\commons-codec-1.15.jar;D:\development\apache-maven-3.8.5\mvn_resp\org\apache\httpcomponents\httpcore\4.4.15\httpcore-4.4.15.jar;D:\development\apache-maven-3.8.5\mvn_resp\commons-logging\commons-logging\1.2\commons-logging-1.2.jar;D:\development\apache-maven-3.8.5\mvn_resp\javax\xml\bind\jaxb-api\2.3.1\jaxb-api-2.3.1.jar;D:\development\apache-maven-3.8.5\mvn_resp\javax\activation\javax.activation-api\1.2.0\javax.activation-api-1.2.0.jar;D:\development\apache-maven-3.8.5\mvn_resp\org\jacoco\org.jacoco.agent\0.8.6\org.jacoco.agent-0.8.6-runtime.jar;D:\development\apache-maven-3.8.5\mvn_resp\org\ini4j\ini4j\0.5.4\ini4j-0.5.4.jar;D:\development\apache-maven-3.8.5\mvn_resp\io\opentracing\opentracing-api\0.33.0\opentracing-api-0.33.0.jar;D:\development\apache-maven-3.8.5\mvn_resp\io\opentracing\opentracing-util\0.33.0\opentracing-util-0.33.0.jar;D:\development\apache-maven-3.8.5\mvn_resp\io\opentracing\opentracing-noop\0.33.0\opentracing-noop-0.33.0.jar;D:\development\apache-maven-3.8.5\mvn_resp\com\aliyun\aliyun-java-sdk-dysmsapi\2.1.0\aliyun-java-sdk-dysmsapi-2.1.0.jar;"/>
    <property name="java.vm.vendor" value="Oracle Corporation"/>
    <property name="sun.arch.data.model" value="64"/>
    <property name="user.variant" value=""/>
    <property name="java.vendor.url" value="https://java.oracle.com/"/>
    <property name="user.timezone" value="Asia/Shanghai"/>
    <property name="os.name" value="Windows 11"/>
    <property name="java.vm.specification.version" value="17"/>
    <property name="sun.java.launcher" value="SUN_STANDARD"/>
    <property name="user.country" value="CN"/>
    <property name="sun.boot.library.path" value="D:\development\Java\jdk-17.0.2\bin"/>
    <property name="sun.java.command" value="C:\Users\小吕\AppData\Local\Temp\surefire1041628193317635392\surefirebooter8678496997121085703.jar C:\Users\小吕\AppData\Local\Temp\surefire1041628193317635392 2022-05-31T17-19-11_020-jvmRun1 surefire5614122264660377396tmp surefire_08295618710406862700tmp"/>
    <property name="jdk.debug" value="release"/>
    <property name="surefire.test.class.path" value="D:\development\code\reggie_take_out\target\test-classes;D:\development\code\reggie_take_out\target\classes;D:\development\apache-maven-3.8.5\mvn_resp\org\springframework\boot\spring-boot-starter-web\2.7.0\spring-boot-starter-web-2.7.0.jar;D:\development\apache-maven-3.8.5\mvn_resp\org\springframework\boot\spring-boot-starter\2.7.0\spring-boot-starter-2.7.0.jar;D:\development\apache-maven-3.8.5\mvn_resp\org\springframework\boot\spring-boot\2.7.0\spring-boot-2.7.0.jar;D:\development\apache-maven-3.8.5\mvn_resp\org\springframework\boot\spring-boot-starter-logging\2.7.0\spring-boot-starter-logging-2.7.0.jar;D:\development\apache-maven-3.8.5\mvn_resp\ch\qos\logback\logback-classic\1.2.11\logback-classic-1.2.11.jar;D:\development\apache-maven-3.8.5\mvn_resp\ch\qos\logback\logback-core\1.2.11\logback-core-1.2.11.jar;D:\development\apache-maven-3.8.5\mvn_resp\org\apache\logging\log4j\log4j-to-slf4j\2.17.2\log4j-to-slf4j-2.17.2.jar;D:\development\apache-maven-3.8.5\mvn_resp\org\apache\logging\log4j\log4j-api\2.17.2\log4j-api-2.17.2.jar;D:\development\apache-maven-3.8.5\mvn_resp\org\slf4j\jul-to-slf4j\1.7.36\jul-to-slf4j-1.7.36.jar;D:\development\apache-maven-3.8.5\mvn_resp\jakarta\annotation\jakarta.annotation-api\1.3.5\jakarta.annotation-api-1.3.5.jar;D:\development\apache-maven-3.8.5\mvn_resp\org\yaml\snakeyaml\1.30\snakeyaml-1.30.jar;D:\development\apache-maven-3.8.5\mvn_resp\org\springframework\boot\spring-boot-starter-json\2.7.0\spring-boot-starter-json-2.7.0.jar;D:\development\apache-maven-3.8.5\mvn_resp\com\fasterxml\jackson\core\jackson-databind\2.13.3\jackson-databind-2.13.3.jar;D:\development\apache-maven-3.8.5\mvn_resp\com\fasterxml\jackson\core\jackson-annotations\2.13.3\jackson-annotations-2.13.3.jar;D:\development\apache-maven-3.8.5\mvn_resp\com\fasterxml\jackson\core\jackson-core\2.13.3\jackson-core-2.13.3.jar;D:\development\apache-maven-3.8.5\mvn_resp\com\fasterxml\jackson\datatype\jackson-datatype-jdk8\2.13.3\jackson-datatype-jdk8-2.13.3.jar;D:\development\apache-maven-3.8.5\mvn_resp\com\fasterxml\jackson\datatype\jackson-datatype-jsr310\2.13.3\jackson-datatype-jsr310-2.13.3.jar;D:\development\apache-maven-3.8.5\mvn_resp\com\fasterxml\jackson\module\jackson-module-parameter-names\2.13.3\jackson-module-parameter-names-2.13.3.jar;D:\development\apache-maven-3.8.5\mvn_resp\org\springframework\boot\spring-boot-starter-tomcat\2.7.0\spring-boot-starter-tomcat-2.7.0.jar;D:\development\apache-maven-3.8.5\mvn_resp\org\apache\tomcat\embed\tomcat-embed-core\9.0.63\tomcat-embed-core-9.0.63.jar;D:\development\apache-maven-3.8.5\mvn_resp\org\apache\tomcat\embed\tomcat-embed-el\9.0.63\tomcat-embed-el-9.0.63.jar;D:\development\apache-maven-3.8.5\mvn_resp\org\apache\tomcat\embed\tomcat-embed-websocket\9.0.63\tomcat-embed-websocket-9.0.63.jar;D:\development\apache-maven-3.8.5\mvn_resp\org\springframework\spring-web\5.3.20\spring-web-5.3.20.jar;D:\development\apache-maven-3.8.5\mvn_resp\org\springframework\spring-beans\5.3.20\spring-beans-5.3.20.jar;D:\development\apache-maven-3.8.5\mvn_resp\org\springframework\spring-webmvc\5.3.20\spring-webmvc-5.3.20.jar;D:\development\apache-maven-3.8.5\mvn_resp\org\springframework\spring-aop\5.3.20\spring-aop-5.3.20.jar;D:\development\apache-maven-3.8.5\mvn_resp\org\springframework\spring-context\5.3.20\spring-context-5.3.20.jar;D:\development\apache-maven-3.8.5\mvn_resp\org\springframework\spring-expression\5.3.20\spring-expression-5.3.20.jar;D:\development\apache-maven-3.8.5\mvn_resp\mysql\mysql-connector-java\8.0.29\mysql-connector-java-8.0.29.jar;D:\development\apache-maven-3.8.5\mvn_resp\org\projectlombok\lombok\1.18.24\lombok-1.18.24.jar;D:\development\apache-maven-3.8.5\mvn_resp\org\springframework\boot\spring-boot-starter-test\2.7.0\spring-boot-starter-test-2.7.0.jar;D:\development\apache-maven-3.8.5\mvn_resp\org\springframework\boot\spring-boot-test\2.7.0\spring-boot-test-2.7.0.jar;D:\development\apache-maven-3.8.5\mvn_resp\org\springframework\boot\spring-boot-test-autoconfigure\2.7.0\spring-boot-test-autoconfigure-2.7.0.jar;D:\development\apache-maven-3.8.5\mvn_resp\com\jayway\jsonpath\json-path\2.7.0\json-path-2.7.0.jar;D:\development\apache-maven-3.8.5\mvn_resp\net\minidev\json-smart\2.4.8\json-smart-2.4.8.jar;D:\development\apache-maven-3.8.5\mvn_resp\net\minidev\accessors-smart\2.4.8\accessors-smart-2.4.8.jar;D:\development\apache-maven-3.8.5\mvn_resp\org\ow2\asm\asm\9.1\asm-9.1.jar;D:\development\apache-maven-3.8.5\mvn_resp\jakarta\xml\bind\jakarta.xml.bind-api\2.3.3\jakarta.xml.bind-api-2.3.3.jar;D:\development\apache-maven-3.8.5\mvn_resp\jakarta\activation\jakarta.activation-api\1.2.2\jakarta.activation-api-1.2.2.jar;D:\development\apache-maven-3.8.5\mvn_resp\org\assertj\assertj-core\3.22.0\assertj-core-3.22.0.jar;D:\development\apache-maven-3.8.5\mvn_resp\org\hamcrest\hamcrest\2.2\hamcrest-2.2.jar;D:\development\apache-maven-3.8.5\mvn_resp\org\junit\jupiter\junit-jupiter\5.8.2\junit-jupiter-5.8.2.jar;D:\development\apache-maven-3.8.5\mvn_resp\org\junit\jupiter\junit-jupiter-api\5.8.2\junit-jupiter-api-5.8.2.jar;D:\development\apache-maven-3.8.5\mvn_resp\org\opentest4j\opentest4j\1.2.0\opentest4j-1.2.0.jar;D:\development\apache-maven-3.8.5\mvn_resp\org\junit\platform\junit-platform-commons\1.8.2\junit-platform-commons-1.8.2.jar;D:\development\apache-maven-3.8.5\mvn_resp\org\apiguardian\apiguardian-api\1.1.2\apiguardian-api-1.1.2.jar;D:\development\apache-maven-3.8.5\mvn_resp\org\junit\jupiter\junit-jupiter-params\5.8.2\junit-jupiter-params-5.8.2.jar;D:\development\apache-maven-3.8.5\mvn_resp\org\junit\jupiter\junit-jupiter-engine\5.8.2\junit-jupiter-engine-5.8.2.jar;D:\development\apache-maven-3.8.5\mvn_resp\org\junit\platform\junit-platform-engine\1.8.2\junit-platform-engine-1.8.2.jar;D:\development\apache-maven-3.8.5\mvn_resp\org\mockito\mockito-core\4.5.1\mockito-core-4.5.1.jar;D:\development\apache-maven-3.8.5\mvn_resp\net\bytebuddy\byte-buddy\1.12.10\byte-buddy-1.12.10.jar;D:\development\apache-maven-3.8.5\mvn_resp\net\bytebuddy\byte-buddy-agent\1.12.10\byte-buddy-agent-1.12.10.jar;D:\development\apache-maven-3.8.5\mvn_resp\org\objenesis\objenesis\3.2\objenesis-3.2.jar;D:\development\apache-maven-3.8.5\mvn_resp\org\mockito\mockito-junit-jupiter\4.5.1\mockito-junit-jupiter-4.5.1.jar;D:\development\apache-maven-3.8.5\mvn_resp\org\skyscreamer\jsonassert\1.5.0\jsonassert-1.5.0.jar;D:\development\apache-maven-3.8.5\mvn_resp\com\vaadin\external\google\android-json\0.0.20131108.vaadin1\android-json-0.0.20131108.vaadin1.jar;D:\development\apache-maven-3.8.5\mvn_resp\org\springframework\spring-core\5.3.20\spring-core-5.3.20.jar;D:\development\apache-maven-3.8.5\mvn_resp\org\springframework\spring-jcl\5.3.20\spring-jcl-5.3.20.jar;D:\development\apache-maven-3.8.5\mvn_resp\org\springframework\spring-test\5.3.20\spring-test-5.3.20.jar;D:\development\apache-maven-3.8.5\mvn_resp\org\xmlunit\xmlunit-core\2.9.0\xmlunit-core-2.9.0.jar;D:\development\apache-maven-3.8.5\mvn_resp\com\baomidou\mybatis-plus-boot-starter\3.4.2\mybatis-plus-boot-starter-3.4.2.jar;D:\development\apache-maven-3.8.5\mvn_resp\com\baomidou\mybatis-plus\3.4.2\mybatis-plus-3.4.2.jar;D:\development\apache-maven-3.8.5\mvn_resp\com\baomidou\mybatis-plus-extension\3.4.2\mybatis-plus-extension-3.4.2.jar;D:\development\apache-maven-3.8.5\mvn_resp\com\baomidou\mybatis-plus-core\3.4.2\mybatis-plus-core-3.4.2.jar;D:\development\apache-maven-3.8.5\mvn_resp\com\baomidou\mybatis-plus-annotation\3.4.2\mybatis-plus-annotation-3.4.2.jar;D:\development\apache-maven-3.8.5\mvn_resp\com\github\jsqlparser\jsqlparser\4.0\jsqlparser-4.0.jar;D:\development\apache-maven-3.8.5\mvn_resp\org\mybatis\mybatis\3.5.6\mybatis-3.5.6.jar;D:\development\apache-maven-3.8.5\mvn_resp\org\mybatis\mybatis-spring\2.0.5\mybatis-spring-2.0.5.jar;D:\development\apache-maven-3.8.5\mvn_resp\org\springframework\boot\spring-boot-autoconfigure\2.7.0\spring-boot-autoconfigure-2.7.0.jar;D:\development\apache-maven-3.8.5\mvn_resp\org\springframework\boot\spring-boot-starter-jdbc\2.7.0\spring-boot-starter-jdbc-2.7.0.jar;D:\development\apache-maven-3.8.5\mvn_resp\com\zaxxer\HikariCP\4.0.3\HikariCP-4.0.3.jar;D:\development\apache-maven-3.8.5\mvn_resp\org\springframework\spring-jdbc\5.3.20\spring-jdbc-5.3.20.jar;D:\development\apache-maven-3.8.5\mvn_resp\org\springframework\spring-tx\5.3.20\spring-tx-5.3.20.jar;D:\development\apache-maven-3.8.5\mvn_resp\com\alibaba\fastjson\1.2.76\fastjson-1.2.76.jar;D:\development\apache-maven-3.8.5\mvn_resp\commons-lang\commons-lang\2.6\commons-lang-2.6.jar;D:\development\apache-maven-3.8.5\mvn_resp\com\alibaba\druid-spring-boot-starter\1.2.6\druid-spring-boot-starter-1.2.6.jar;D:\development\apache-maven-3.8.5\mvn_resp\com\alibaba\druid\1.2.6\druid-1.2.6.jar;D:\development\apache-maven-3.8.5\mvn_resp\org\slf4j\slf4j-api\1.7.36\slf4j-api-1.7.36.jar;D:\development\apache-maven-3.8.5\mvn_resp\org\springframework\boot\spring-boot-maven-plugin\2.5.0\spring-boot-maven-plugin-2.5.0.jar;D:\development\apache-maven-3.8.5\mvn_resp\org\springframework\boot\spring-boot-buildpack-platform\2.7.0\spring-boot-buildpack-platform-2.7.0.jar;D:\development\apache-maven-3.8.5\mvn_resp\net\java\dev\jna\jna-platform\5.7.0\jna-platform-5.7.0.jar;D:\development\apache-maven-3.8.5\mvn_resp\net\java\dev\jna\jna\5.7.0\jna-5.7.0.jar;D:\development\apache-maven-3.8.5\mvn_resp\org\apache\commons\commons-compress\1.21\commons-compress-1.21.jar;D:\development\apache-maven-3.8.5\mvn_resp\org\tomlj\tomlj\1.0.0\tomlj-1.0.0.jar;D:\development\apache-maven-3.8.5\mvn_resp\org\antlr\antlr4-runtime\4.7.2\antlr4-runtime-4.7.2.jar;D:\development\apache-maven-3.8.5\mvn_resp\com\google\code\findbugs\jsr305\3.0.2\jsr305-3.0.2.jar;D:\development\apache-maven-3.8.5\mvn_resp\org\springframework\boot\spring-boot-loader-tools\2.7.0\spring-boot-loader-tools-2.7.0.jar;D:\development\apache-maven-3.8.5\mvn_resp\org\apache\maven\shared\maven-common-artifact-filters\3.2.0\maven-common-artifact-filters-3.2.0.jar;D:\development\apache-maven-3.8.5\mvn_resp\org\apache\maven\maven-artifact\3.1.1\maven-artifact-3.1.1.jar;D:\development\apache-maven-3.8.5\mvn_resp\org\apache\maven\maven-model\3.1.1\maven-model-3.1.1.jar;D:\development\apache-maven-3.8.5\mvn_resp\org\apache\maven\maven-core\3.1.1\maven-core-3.1.1.jar;D:\development\apache-maven-3.8.5\mvn_resp\org\apache\maven\maven-settings\3.1.1\maven-settings-3.1.1.jar;D:\development\apache-maven-3.8.5\mvn_resp\org\apache\maven\maven-settings-builder\3.1.1\maven-settings-builder-3.1.1.jar;D:\development\apache-maven-3.8.5\mvn_resp\org\apache\maven\maven-repository-metadata\3.1.1\maven-repository-metadata-3.1.1.jar;D:\development\apache-maven-3.8.5\mvn_resp\org\apache\maven\maven-model-builder\3.1.1\maven-model-builder-3.1.1.jar;D:\development\apache-maven-3.8.5\mvn_resp\org\apache\maven\maven-aether-provider\3.1.1\maven-aether-provider-3.1.1.jar;D:\development\apache-maven-3.8.5\mvn_resp\org\eclipse\aether\aether-spi\0.9.0.M2\aether-spi-0.9.0.M2.jar;D:\development\apache-maven-3.8.5\mvn_resp\org\eclipse\aether\aether-impl\0.9.0.M2\aether-impl-0.9.0.M2.jar;D:\development\apache-maven-3.8.5\mvn_resp\org\codehaus\plexus\plexus-interpolation\1.19\plexus-interpolation-1.19.jar;D:\development\apache-maven-3.8.5\mvn_resp\org\codehaus\plexus\plexus-component-annotations\1.5.5\plexus-component-annotations-1.5.5.jar;D:\development\apache-maven-3.8.5\mvn_resp\org\sonatype\plexus\plexus-sec-dispatcher\1.3\plexus-sec-dispatcher-1.3.jar;D:\development\apache-maven-3.8.5\mvn_resp\org\sonatype\plexus\plexus-cipher\1.4\plexus-cipher-1.4.jar;D:\development\apache-maven-3.8.5\mvn_resp\commons-io\commons-io\2.6\commons-io-2.6.jar;D:\development\apache-maven-3.8.5\mvn_resp\org\eclipse\aether\aether-api\0.9.0.M2\aether-api-0.9.0.M2.jar;D:\development\apache-maven-3.8.5\mvn_resp\org\eclipse\aether\aether-util\0.9.0.M2\aether-util-0.9.0.M2.jar;D:\development\apache-maven-3.8.5\mvn_resp\org\eclipse\sisu\org.eclipse.sisu.plexus\0.0.0.M5\org.eclipse.sisu.plexus-0.0.0.M5.jar;D:\development\apache-maven-3.8.5\mvn_resp\javax\enterprise\cdi-api\1.0\cdi-api-1.0.jar;D:\development\apache-maven-3.8.5\mvn_resp\javax\annotation\jsr250-api\1.0\jsr250-api-1.0.jar;D:\development\apache-maven-3.8.5\mvn_resp\javax\inject\javax.inject\1\javax.inject-1.jar;D:\development\apache-maven-3.8.5\mvn_resp\com\google\guava\guava\10.0.1\guava-10.0.1.jar;D:\development\apache-maven-3.8.5\mvn_resp\org\sonatype\sisu\sisu-guice\3.1.0\sisu-guice-3.1.0-no_aop.jar;D:\development\apache-maven-3.8.5\mvn_resp\aopalliance\aopalliance\1.0\aopalliance-1.0.jar;D:\development\apache-maven-3.8.5\mvn_resp\org\eclipse\sisu\org.eclipse.sisu.inject\0.0.0.M5\org.eclipse.sisu.inject-0.0.0.M5.jar;D:\development\apache-maven-3.8.5\mvn_resp\org\apache\maven\shared\maven-shared-utils\3.3.3\maven-shared-utils-3.3.3.jar;D:\development\apache-maven-3.8.5\mvn_resp\org\apache\maven\maven-plugin-api\3.6.3\maven-plugin-api-3.6.3.jar;D:\development\apache-maven-3.8.5\mvn_resp\org\codehaus\plexus\plexus-utils\3.2.1\plexus-utils-3.2.1.jar;D:\development\apache-maven-3.8.5\mvn_resp\org\codehaus\plexus\plexus-classworlds\2.6.0\plexus-classworlds-2.6.0.jar;D:\development\apache-maven-3.8.5\mvn_resp\org\sonatype\plexus\plexus-build-api\0.0.7\plexus-build-api-0.0.7.jar;D:\development\apache-maven-3.8.5\mvn_resp\com\aliyun\aliyun-java-sdk-core\4.5.16\aliyun-java-sdk-core-4.5.16.jar;D:\development\apache-maven-3.8.5\mvn_resp\com\google\code\gson\gson\2.9.0\gson-2.9.0.jar;D:\development\apache-maven-3.8.5\mvn_resp\org\apache\httpcomponents\httpclient\4.5.13\httpclient-4.5.13.jar;D:\development\apache-maven-3.8.5\mvn_resp\commons-codec\commons-codec\1.15\commons-codec-1.15.jar;D:\development\apache-maven-3.8.5\mvn_resp\org\apache\httpcomponents\httpcore\4.4.15\httpcore-4.4.15.jar;D:\development\apache-maven-3.8.5\mvn_resp\commons-logging\commons-logging\1.2\commons-logging-1.2.jar;D:\development\apache-maven-3.8.5\mvn_resp\javax\xml\bind\jaxb-api\2.3.1\jaxb-api-2.3.1.jar;D:\development\apache-maven-3.8.5\mvn_resp\javax\activation\javax.activation-api\1.2.0\javax.activation-api-1.2.0.jar;D:\development\apache-maven-3.8.5\mvn_resp\org\jacoco\org.jacoco.agent\0.8.6\org.jacoco.agent-0.8.6-runtime.jar;D:\development\apache-maven-3.8.5\mvn_resp\org\ini4j\ini4j\0.5.4\ini4j-0.5.4.jar;D:\development\apache-maven-3.8.5\mvn_resp\io\opentracing\opentracing-api\0.33.0\opentracing-api-0.33.0.jar;D:\development\apache-maven-3.8.5\mvn_resp\io\opentracing\opentracing-util\0.33.0\opentracing-util-0.33.0.jar;D:\development\apache-maven-3.8.5\mvn_resp\io\opentracing\opentracing-noop\0.33.0\opentracing-noop-0.33.0.jar;D:\development\apache-maven-3.8.5\mvn_resp\com\aliyun\aliyun-java-sdk-dysmsapi\2.1.0\aliyun-java-sdk-dysmsapi-2.1.0.jar;"/>
    <property name="sun.cpu.endian" value="little"/>
    <property name="user.home" value="C:\Users\小吕"/>
    <property name="user.language" value="zh"/>
    <property name="java.specification.vendor" value="Oracle Corporation"/>
    <property name="java.version.date" value="2022-01-18"/>
    <property name="java.home" value="D:\development\Java\jdk-17.0.2"/>
    <property name="file.separator" value="\"/>
    <property name="basedir" value="D:\development\code\reggie_take_out"/>
    <property name="java.vm.compressedOopsMode" value="Zero based"/>
    <property name="line.separator" value="&#10;"/>
    <property name="java.vm.specification.vendor" value="Oracle Corporation"/>
    <property name="java.specification.name" value="Java Platform API Specification"/>
    <property name="surefire.real.class.path" value="C:\Users\小吕\AppData\Local\Temp\surefire1041628193317635392\surefirebooter8678496997121085703.jar"/>
    <property name="user.script" value=""/>
    <property name="sun.management.compiler" value="HotSpot 64-Bit Tiered Compilers"/>
    <property name="java.runtime.version" value="17.0.2+8-LTS-86"/>
    <property name="user.name" value="小吕"/>
    <property name="path.separator" value=";"/>
    <property name="os.version" value="10.0"/>
    <property name="java.runtime.name" value="Java(TM) SE Runtime Environment"/>
    <property name="file.encoding" value="GBK"/>
    <property name="java.vm.name" value="Java HotSpot(TM) 64-Bit Server VM"/>
    <property name="localRepository" value="D:\development\apache-maven-3.8.5\mvn_resp"/>
    <property name="java.vendor.url.bug" value="https://bugreport.java.com/bugreport/"/>
    <property name="java.io.tmpdir" value="C:\Users\小吕\AppData\Local\Temp\"/>
    <property name="idea.version" value="2021.3.3"/>
    <property name="java.version" value="17.0.2"/>
    <property name="user.dir" value="D:\development\code\reggie_take_out"/>
    <property name="os.arch" value="amd64"/>
    <property name="java.vm.specification.name" value="Java Virtual Machine Specification"/>
    <property name="sun.os.patch.level" value=""/>
    <property name="native.encoding" value="GBK"/>
    <property name="java.library.path" value="D:\development\Java\jdk-17.0.2\bin;C:\WINDOWS\Sun\Java\bin;C:\WINDOWS\system32;C:\WINDOWS;D:\software\VMware\bin\;C:\Program Files\Common Files\Oracle\Java\javapath;C:\Windows\System32\HWAudioDriverLibs;C:\Windows\system32;C:\Windows;C:\Windows\System32\Wbem;C:\Windows\System32\WindowsPowerShell\v1.0\;C:\Windows\System32\OpenSSH\;C:\Windows\system32\config\systemprofile\AppData\Local\Microsoft\WindowsApps;C:\WINDOWS\system32;C:\WINDOWS;C:\WINDOWS\System32\Wbem;C:\WINDOWS\System32\WindowsPowerShell\v1.0\;C:\WINDOWS\System32\OpenSSH\;D:\software\Bandizip\;D:\software\mysql-5.7.24-winx64\bin;D:\development\apache-maven-3.8.5\bin;D:\development\Java\jdk-17.0.2\bin;D:\software\nodejs\;D:\software\Git\cmd;C:\Users\小吕\AppData\Local\Microsoft\WindowsApps;C:\Users\小吕\AppData\Roaming\npm;."/>
    <property name="java.vm.info" value="mixed mode, sharing"/>
    <property name="java.vendor" value="Oracle Corporation"/>
    <property name="java.vm.version" value="17.0.2+8-LTS-86"/>
    <property name="sun.io.unicode.encoding" value="UnicodeLittle"/>
    <property name="java.class.version" value="61.0"/>
  </properties>
  <testcase name="contextLoads" classname="com.itheima.ReggieTakeOutApplicationTests" time="0.349"/>
</testsuite>